Tue Aug 01 2023 20:18:31 GMT+0600 (Bangladesh Standard Time) 20 18 31 [right meow!] error: globalErrorHandler ~ [
  {
    "code": "invalid_type",
    "expected": "number",
    "received": "string",
    "path": [
      "body",
      "year"
    ],
    "message": "Expected number, received string"
  }
]
Tue Aug 01 2023 20:19:08 GMT+0600 (Bangladesh Standard Time) 20 19 8 [right meow!] error: globalErrorHandler ~ [
  {
    "code": "invalid_type",
    "expected": "number",
    "received": "string",
    "path": [
      "body",
      "year"
    ],
    "message": "Expected number, received string"
  }
]
Tue Aug 01 2023 20:39:39 GMT+0600 (Bangladesh Standard Time) 20 39 39 [right meow!] error: globalErrorHandler ~ [
  {
    "received": "",
    "code": "invalid_enum_value",
    "options": [
      "Autumn",
      "Summer",
      "Fall"
    ],
    "path": [
      "body",
      "title"
    ],
    "message": "Invalid enum value. Expected 'Autumn' | 'Summer' | 'Fall', received ''"
  }
]
