Thu Jul 27 2023 00:50:25 GMT+0600 (Bangladesh Standard Time) 0 50 25 [right meow!] error: globalErrorHandler ~ [
  {
    "code": "invalid_type",
    "expected": "string",
    "received": "undefined",
    "path": [
      "body",
      "role"
    ],
    "message": "role is required"
  }
]
Thu Jul 27 2023 00:52:26 GMT+0600 (Bangladesh Standard Time) 0 52 26 [right meow!] error: globalErrorHandler ~ [
  {
    "code": "invalid_type",
    "expected": "string",
    "received": "undefined",
    "path": [
      "body",
      "role"
    ],
    "message": "role is required"
  }
]
