{
  message: 'database connected',
  level: 'info',
  label: 'right meow!',
  timestamp: '2023-08-05T02:07:05.569Z'
}
{
  message: 'Example app listening on port 5000',
  level: 'info',
  label: 'right meow!',
  timestamp: '2023-08-05T02:07:05.584Z'
}
{
  message: 'database connected',
  level: 'info',
  label: 'right meow!',
  timestamp: '2023-08-05T02:15:07.778Z'
}
{
  message: 'Example app listening on port 5000',
  level: 'info',
  label: 'right meow!',
  timestamp: '2023-08-05T02:15:07.785Z'
}
{
  message: 'database connected',
  level: 'info',
  label: 'right meow!',
  timestamp: '2023-08-05T02:16:04.925Z'
}
{
  message: 'Example app listening on port 5000',
  level: 'info',
  label: 'right meow!',
  timestamp: '2023-08-05T02:16:04.946Z'
}
{
  message: 'database connected',
  level: 'info',
  label: 'right meow!',
  timestamp: '2023-08-05T02:16:49.190Z'
}
{
  message: 'Example app listening on port 5000',
  level: 'info',
  label: 'right meow!',
  timestamp: '2023-08-05T02:16:49.207Z'
}
{
  message: 'database connected',
  level: 'info',
  label: 'right meow!',
  timestamp: '2023-08-05T02:17:18.860Z'
}
{
  message: 'Example app listening on port 5000',
  level: 'info',
  label: 'right meow!',
  timestamp: '2023-08-05T02:17:18.874Z'
}
{
  message: 'database connected',
  level: 'info',
  label: 'right meow!',
  timestamp: '2023-08-05T02:18:59.792Z'
}
{
  message: 'Example app listening on port 5000',
  level: 'info',
  label: 'right meow!',
  timestamp: '2023-08-05T02:18:59.804Z'
}
{
  message: 'database connected',
  level: 'info',
  label: 'right meow!',
  timestamp: '2023-08-05T02:44:49.479Z'
}
{
  message: 'Example app listening on port 5000',
  level: 'info',
  label: 'right meow!',
  timestamp: '2023-08-05T02:44:49.496Z'
}
{
  message: 'database connected',
  level: 'info',
  label: 'right meow!',
  timestamp: '2023-08-05T02:59:33.650Z'
}
{
  message: 'Example app listening on port 5000',
  level: 'info',
  label: 'right meow!',
  timestamp: '2023-08-05T02:59:33.665Z'
}
