{
  message: 'database connected',
  level: 'info',
  label: 'right meow!',
  timestamp: '2023-08-07T01:18:31.215Z'
}
{
  message: 'Example app listening on port 5000',
  level: 'info',
  label: 'right meow!',
  timestamp: '2023-08-07T01:18:31.230Z'
}
{
  message: 'database connected',
  level: 'info',
  label: 'right meow!',
  timestamp: '2023-08-07T01:23:47.100Z'
}
{
  message: 'Example app listening on port 5000',
  level: 'info',
  label: 'right meow!',
  timestamp: '2023-08-07T01:23:47.117Z'
}
{
  message: 'database connected',
  level: 'info',
  label: 'right meow!',
  timestamp: '2023-08-07T01:24:09.523Z'
}
{
  message: 'Example app listening on port 5000',
  level: 'info',
  label: 'right meow!',
  timestamp: '2023-08-07T01:24:09.541Z'
}
{
  message: 'database connected',
  level: 'info',
  label: 'right meow!',
  timestamp: '2023-08-07T01:43:19.137Z'
}
{
  message: 'Example app listening on port 5000',
  level: 'info',
  label: 'right meow!',
  timestamp: '2023-08-07T01:43:19.157Z'
}
{
  message: 'database connected',
  level: 'info',
  label: 'right meow!',
  timestamp: '2023-08-07T01:43:24.099Z'
}
{
  message: 'Example app listening on port 5000',
  level: 'info',
  label: 'right meow!',
  timestamp: '2023-08-07T01:43:24.116Z'
}
{
  message: 'database connected',
  level: 'info',
  label: 'right meow!',
  timestamp: '2023-08-07T01:44:33.608Z'
}
{
  message: 'Example app listening on port 5000',
  level: 'info',
  label: 'right meow!',
  timestamp: '2023-08-07T01:44:33.622Z'
}
{
  message: 'database connected',
  level: 'info',
  label: 'right meow!',
  timestamp: '2023-08-07T01:45:01.684Z'
}
{
  message: 'Example app listening on port 5000',
  level: 'info',
  label: 'right meow!',
  timestamp: '2023-08-07T01:45:01.713Z'
}
{
  message: 'database connected',
  level: 'info',
  label: 'right meow!',
  timestamp: '2023-08-07T01:46:56.604Z'
}
{
  message: 'Example app listening on port 5000',
  level: 'info',
  label: 'right meow!',
  timestamp: '2023-08-07T01:46:56.620Z'
}
{
  message: 'database connected',
  level: 'info',
  label: 'right meow!',
  timestamp: '2023-08-07T01:48:11.192Z'
}
{
  message: 'Example app listening on port 5000',
  level: 'info',
  label: 'right meow!',
  timestamp: '2023-08-07T01:48:11.199Z'
}
{
  message: 'database connected',
  level: 'info',
  label: 'right meow!',
  timestamp: '2023-08-07T01:49:08.860Z'
}
{
  message: 'Example app listening on port 5000',
  level: 'info',
  label: 'right meow!',
  timestamp: '2023-08-07T01:49:08.876Z'
}
{
  message: 'database connected',
  level: 'info',
  label: 'right meow!',
  timestamp: '2023-08-07T01:49:16.221Z'
}
{
  message: 'Example app listening on port 5000',
  level: 'info',
  label: 'right meow!',
  timestamp: '2023-08-07T01:49:16.237Z'
}
{
  message: 'database connected',
  level: 'info',
  label: 'right meow!',
  timestamp: '2023-08-07T01:50:19.775Z'
}
{
  message: 'Example app listening on port 5000',
  level: 'info',
  label: 'right meow!',
  timestamp: '2023-08-07T01:50:19.791Z'
}
{
  message: 'database connected',
  level: 'info',
  label: 'right meow!',
  timestamp: '2023-08-07T01:50:42.343Z'
}
{
  message: 'Example app listening on port 5000',
  level: 'info',
  label: 'right meow!',
  timestamp: '2023-08-07T01:50:42.353Z'
}
{
  message: 'database connected',
  level: 'info',
  label: 'right meow!',
  timestamp: '2023-08-07T01:52:17.992Z'
}
{
  message: 'Example app listening on port 5000',
  level: 'info',
  label: 'right meow!',
  timestamp: '2023-08-07T01:52:18.007Z'
}
{
  message: 'database connected',
  level: 'info',
  label: 'right meow!',
  timestamp: '2023-08-07T01:52:32.639Z'
}
{
  message: 'Example app listening on port 5000',
  level: 'info',
  label: 'right meow!',
  timestamp: '2023-08-07T01:52:32.645Z'
}
{
  message: 'database connected',
  level: 'info',
  label: 'right meow!',
  timestamp: '2023-08-07T01:52:50.080Z'
}
{
  message: 'Example app listening on port 5000',
  level: 'info',
  label: 'right meow!',
  timestamp: '2023-08-07T01:52:50.095Z'
}
{
  message: 'database connected',
  level: 'info',
  label: 'right meow!',
  timestamp: '2023-08-07T01:53:15.864Z'
}
{
  message: 'Example app listening on port 5000',
  level: 'info',
  label: 'right meow!',
  timestamp: '2023-08-07T01:53:15.873Z'
}
{
  message: 'database connected',
  level: 'info',
  label: 'right meow!',
  timestamp: '2023-08-07T01:53:26.380Z'
}
{
  message: 'Example app listening on port 5000',
  level: 'info',
  label: 'right meow!',
  timestamp: '2023-08-07T01:53:26.389Z'
}
{
  message: 'database connected',
  level: 'info',
  label: 'right meow!',
  timestamp: '2023-08-07T01:53:46.491Z'
}
{
  message: 'Example app listening on port 5000',
  level: 'info',
  label: 'right meow!',
  timestamp: '2023-08-07T01:53:46.511Z'
}
{
  message: 'database connected',
  level: 'info',
  label: 'right meow!',
  timestamp: '2023-08-07T01:54:28.464Z'
}
{
  message: 'Example app listening on port 5000',
  level: 'info',
  label: 'right meow!',
  timestamp: '2023-08-07T01:54:28.484Z'
}
{
  message: 'database connected',
  level: 'info',
  label: 'right meow!',
  timestamp: '2023-08-07T01:56:09.848Z'
}
{
  message: 'Example app listening on port 5000',
  level: 'info',
  label: 'right meow!',
  timestamp: '2023-08-07T01:56:09.865Z'
}
