{
  message: 'database connected',
  level: 'info',
  label: 'right meow!',
  timestamp: '2023-07-25T16:00:06.960Z'
}
{
  message: 'Example app listening on port 5000',
  level: 'info',
  label: 'right meow!',
  timestamp: '2023-07-25T16:00:06.974Z'
}
{
  message: 'database connected',
  level: 'info',
  label: 'right meow!',
  timestamp: '2023-07-25T16:00:29.391Z'
}
{
  message: 'Example app listening on port 5000',
  level: 'info',
  label: 'right meow!',
  timestamp: '2023-07-25T16:00:29.401Z'
}
{
  message: 'database connected',
  level: 'info',
  label: 'right meow!',
  timestamp: '2023-07-25T16:01:00.118Z'
}
{
  message: 'Example app listening on port 5000',
  level: 'info',
  label: 'right meow!',
  timestamp: '2023-07-25T16:01:00.130Z'
}
{
  message: 'database connected',
  level: 'info',
  label: 'right meow!',
  timestamp: '2023-07-25T16:02:39.549Z'
}
{
  message: 'Example app listening on port 5000',
  level: 'info',
  label: 'right meow!',
  timestamp: '2023-07-25T16:02:39.563Z'
}
