{
  message: 'database connected',
  level: 'info',
  label: 'right meow!',
  timestamp: '2023-07-25T15:45:29.916Z'
}
{
  message: 'Example app listening on port 5000',
  level: 'info',
  label: 'right meow!',
  timestamp: '2023-07-25T15:45:29.924Z'
}
{
  message: 'database connected',
  level: 'info',
  label: 'right meow!',
  timestamp: '2023-07-25T15:52:18.206Z'
}
{
  message: 'Example app listening on port 5000',
  level: 'info',
  label: 'right meow!',
  timestamp: '2023-07-25T15:52:18.218Z'
}
{
  message: 'database connected',
  level: 'info',
  label: 'right meow!',
  timestamp: '2023-07-25T15:53:20.855Z'
}
{
  message: 'Example app listening on port 5000',
  level: 'info',
  label: 'right meow!',
  timestamp: '2023-07-25T15:53:20.862Z'
}
{
  message: 'database connected',
  level: 'info',
  label: 'right meow!',
  timestamp: '2023-07-25T15:53:30.351Z'
}
{
  message: 'Example app listening on port 5000',
  level: 'info',
  label: 'right meow!',
  timestamp: '2023-07-25T15:53:30.364Z'
}
{
  message: 'database connected',
  level: 'info',
  label: 'right meow!',
  timestamp: '2023-07-25T15:56:33.045Z'
}
{
  message: 'Example app listening on port 5000',
  level: 'info',
  label: 'right meow!',
  timestamp: '2023-07-25T15:56:33.057Z'
}
{
  message: 'database connected',
  level: 'info',
  label: 'right meow!',
  timestamp: '2023-07-25T15:57:26.072Z'
}
{
  message: 'Example app listening on port 5000',
  level: 'info',
  label: 'right meow!',
  timestamp: '2023-07-25T15:57:26.085Z'
}
{
  message: 'database connected',
  level: 'info',
  label: 'right meow!',
  timestamp: '2023-07-25T15:58:42.473Z'
}
{
  message: 'Example app listening on port 5000',
  level: 'info',
  label: 'right meow!',
  timestamp: '2023-07-25T15:58:42.485Z'
}
