{
  message: 'SIGTERM signal received: closing HTTP server',
  level: 'info',
  label: 'right meow!',
  timestamp: '2023-08-02T12:01:02.546Z'
}
{
  message: 'database connected',
  level: 'info',
  label: 'right meow!',
  timestamp: '2023-08-02T12:13:23.406Z'
}
{
  message: 'Example app listening on port 5000',
  level: 'info',
  label: 'right meow!',
  timestamp: '2023-08-02T12:13:23.424Z'
}
{
  message: 'SIGTERM signal received: closing HTTP server',
  level: 'info',
  label: 'right meow!',
  timestamp: '2023-08-02T12:47:19.786Z'
}
