{
  message: 'database connected',
  level: 'info',
  label: 'right meow!',
  timestamp: '2023-07-23T12:19:57.950Z'
}
{
  message: 'Example app listening on port 5000',
  level: 'info',
  label: 'right meow!',
  timestamp: '2023-07-23T12:19:57.958Z'
}
{
  message: 'database connected',
  level: 'info',
  label: 'right meow!',
  timestamp: '2023-07-23T12:21:14.874Z'
}
{
  message: 'Example app listening on port 5000',
  level: 'info',
  label: 'right meow!',
  timestamp: '2023-07-23T12:21:14.889Z'
}
