{
  message: 'database connected',
  level: 'info',
  label: 'right meow!',
  timestamp: '2023-08-07T02:05:41.188Z'
}
{
  message: 'Example app listening on port 5000',
  level: 'info',
  label: 'right meow!',
  timestamp: '2023-08-07T02:05:41.197Z'
}
{
  message: 'database connected',
  level: 'info',
  label: 'right meow!',
  timestamp: '2023-08-07T02:06:54.646Z'
}
{
  message: 'Example app listening on port 5000',
  level: 'info',
  label: 'right meow!',
  timestamp: '2023-08-07T02:06:54.666Z'
}
{
  message: 'database connected',
  level: 'info',
  label: 'right meow!',
  timestamp: '2023-08-07T02:07:27.672Z'
}
{
  message: 'Example app listening on port 5000',
  level: 'info',
  label: 'right meow!',
  timestamp: '2023-08-07T02:07:27.685Z'
}
{
  message: 'database connected',
  level: 'info',
  label: 'right meow!',
  timestamp: '2023-08-07T02:35:50.133Z'
}
{
  message: 'Example app listening on port 5000',
  level: 'info',
  label: 'right meow!',
  timestamp: '2023-08-07T02:35:50.154Z'
}
{
  message: 'database connected',
  level: 'info',
  label: 'right meow!',
  timestamp: '2023-08-07T02:37:03.147Z'
}
{
  message: 'Example app listening on port 5000',
  level: 'info',
  label: 'right meow!',
  timestamp: '2023-08-07T02:37:03.165Z'
}
{
  message: 'database connected',
  level: 'info',
  label: 'right meow!',
  timestamp: '2023-08-07T02:38:38.250Z'
}
{
  message: 'Example app listening on port 5000',
  level: 'info',
  label: 'right meow!',
  timestamp: '2023-08-07T02:38:38.265Z'
}
{
  message: 'database connected',
  level: 'info',
  label: 'right meow!',
  timestamp: '2023-08-07T02:51:31.526Z'
}
{
  message: 'Example app listening on port 5000',
  level: 'info',
  label: 'right meow!',
  timestamp: '2023-08-07T02:51:31.533Z'
}
{
  message: 'database connected',
  level: 'info',
  label: 'right meow!',
  timestamp: '2023-08-07T02:52:22.087Z'
}
{
  message: 'Example app listening on port 5000',
  level: 'info',
  label: 'right meow!',
  timestamp: '2023-08-07T02:52:22.106Z'
}
{
  message: 'database connected',
  level: 'info',
  label: 'right meow!',
  timestamp: '2023-08-07T02:52:30.263Z'
}
{
  message: 'Example app listening on port 5000',
  level: 'info',
  label: 'right meow!',
  timestamp: '2023-08-07T02:52:30.279Z'
}
{
  message: 'database connected',
  level: 'info',
  label: 'right meow!',
  timestamp: '2023-08-07T02:52:40.577Z'
}
{
  message: 'Example app listening on port 5000',
  level: 'info',
  label: 'right meow!',
  timestamp: '2023-08-07T02:52:40.584Z'
}
